<?xml version="1.0" encoding="UTF-8"?>
<testsuite xmlns:xsi="http://www.w3.org/2001/XMLSchema-instance" xsi:noNamespaceSchemaLocation="https://maven.apache.org/surefire/maven-surefire-plugin/xsd/surefire-test-report-3.0.xsd" version="3.0" name="org.example.ScientificCalculatorTest" time="0.096" tests="47" errors="0" skipped="0" failures="0">
  <properties>
[...]
</properties>
  <testcase name="testFactorialLargeNumber" classname="org.example.ScientificCalculatorTest" time="0.02"/>
  <testcase name="testAdditionPositiveNumbers" classname="org.example.ScientificCalculatorTest" time="0.002"/>
  <testcase name="testMultiplicationLargeNumbers" classname="org.example.ScientificCalculatorTest" time="0.001"/>
  <testcase name="testMultiplicationNegativeNumbers" classname="org.example.ScientificCalculatorTest" time="0.001"/>
  <testcase name="testNaturalLogarithmPositiveNumber" classname="org.example.ScientificCalculatorTest" time="0.001"/>
  <testcase name="testFactorialZero" classname="org.example.ScientificCalculatorTest" time="0.001"/>
  <testcase name="testAdditionNegativeNumbers" classname="org.example.ScientificCalculatorTest" time="0.001"/>
  <testcase name="testMultiplicationWithZero" classname="org.example.ScientificCalculatorTest" time="0.001"/>
  <testcase name="testDivisionVerySmallNumbers" classname="org.example.ScientificCalculatorTest" time="0.001"/>
  <testcase name="testSquareRootZero" classname="org.example.ScientificCalculatorTest" time="0.0"/>
  <testcase name="testDivisionMixedNumbers" classname="org.example.ScientificCalculatorTest" time="0.0"/>
  <testcase name="testPowerFractionalExponent" classname="org.example.ScientificCalculatorTest" time="0.0"/>
  <testcase name="testFactorialOne" classname="org.example.ScientificCalculatorTest" time="0.0"/>
  <testcase name="testFactorialTen" classname="org.example.ScientificCalculatorTest" time="0.0"/>
  <testcase name="testPowerNegativeExponent" classname="org.example.ScientificCalculatorTest" time="0.0"/>
  <testcase name="testDivisionDecimalNumbers" classname="org.example.ScientificCalculatorTest" time="0.001"/>
  <testcase name="testSubtractionWithZero" classname="org.example.ScientificCalculatorTest" time="0.001"/>
  <testcase name="testNaturalLogarithmZero" classname="org.example.ScientificCalculatorTest" time="0.001"/>
  <testcase name="testPowerNegativeBaseEvenExponent" classname="org.example.ScientificCalculatorTest" time="0.001"/>
  <testcase name="testFactorialPositiveNumber" classname="org.example.ScientificCalculatorTest" time="0.001"/>
  <testcase name="testSquareRootDecimal" classname="org.example.ScientificCalculatorTest" time="0.001"/>
  <testcase name="testPowerPositiveBasePositiveExponent" classname="org.example.ScientificCalculatorTest" time="0.001"/>
  <testcase name="testNaturalLogarithmE" classname="org.example.ScientificCalculatorTest" time="0.001"/>
  <testcase name="testDivisionZeroByZero" classname="org.example.ScientificCalculatorTest" time="0.001"/>
  <testcase name="testPowerZeroBasePositiveExponent" classname="org.example.ScientificCalculatorTest" time="0.001"/>
  <testcase name="testAdditionMixedNumbers" classname="org.example.ScientificCalculatorTest" time="0.001"/>
  <testcase name="testSubtractionPositiveNumbers" classname="org.example.ScientificCalculatorTest" time="0.0"/>
  <testcase name="testDivisionResultingInDecimal" classname="org.example.ScientificCalculatorTest" time="0.0"/>
  <testcase name="testDivisionPositiveNumbers" classname="org.example.ScientificCalculatorTest" time="0.0"/>
  <testcase name="testSubtractionNegativeNumbers" classname="org.example.ScientificCalculatorTest" time="0.0"/>
  <testcase name="testPowerPositiveBaseZeroExponent" classname="org.example.ScientificCalculatorTest" time="0.001"/>
  <testcase name="testAdditionLargeNumbers" classname="org.example.ScientificCalculatorTest" time="0.001"/>
  <testcase name="testSquareRootNegativeNumber" classname="org.example.ScientificCalculatorTest" time="0.001"/>
  <testcase name="testDivisionNegativeNumbers" classname="org.example.ScientificCalculatorTest" time="0.001"/>
  <testcase name="testDivisionByZero" classname="org.example.ScientificCalculatorTest" time="0.001"/>
  <testcase name="testMultiplicationDecimalNumbers" classname="org.example.ScientificCalculatorTest" time="0.001"/>
  <testcase name="testSubtractionMixedNumbers" classname="org.example.ScientificCalculatorTest" time="0.0"/>
  <testcase name="testSquareRootPositiveNumber" classname="org.example.ScientificCalculatorTest" time="0.001"/>
  <testcase name="testSubtractionDecimalNumbers" classname="org.example.ScientificCalculatorTest" time="0.001"/>
  <testcase name="testAdditionWithZero" classname="org.example.ScientificCalculatorTest" time="0.001"/>
  <testcase name="testMultiplicationMixedNumbers" classname="org.example.ScientificCalculatorTest" time="0.001"/>
  <testcase name="testNaturalLogarithmOne" classname="org.example.ScientificCalculatorTest" time="0.001"/>
  <testcase name="testAdditionDecimalNumbers" classname="org.example.ScientificCalculatorTest" time="0.0"/>
  <testcase name="testSubtractionResultingInNegativeZero" classname="org.example.ScientificCalculatorTest" time="0.001"/>
  <testcase name="testPowerNegativeBaseIntegerExponent" classname="org.example.ScientificCalculatorTest" time="0.001"/>
  <testcase name="testNaturalLogarithmNegativeNumber" classname="org.example.ScientificCalculatorTest" time="0.001"/>
  <testcase name="testMultiplicationPositiveNumbers" classname="org.example.ScientificCalculatorTest" time="0.005"/>
</testsuite>